<?xml version="1.0" encoding="UTF-8"?>
<testsuite xmlns:xsi="http://www.w3.org/2001/XMLSchema-instance" xsi:noNamespaceSchemaLocation="https://maven.apache.org/surefire/maven-surefire-plugin/xsd/surefire-test-report-3.0.xsd" version="3.0" name="runners.TestRunner" time="42.04" tests="3" errors="0" skipped="0" failures="0">
  <properties>
    <property name="java.specification.version" value="23"/>
    <property name="sun.cpu.isalist" value="amd64"/>
    <property name="sun.jnu.encoding" value="Cp1252"/>
    <property name="java.class.path" value="C:\Users\luisf\Documents\Repos\AutomacaoAgi\target\test-classes;C:\Users\luisf\Documents\Repos\AutomacaoAgi\target\classes;C:\Users\luisf\.m2\repository\org\seleniumhq\selenium\selenium-java\4.29.0\selenium-java-4.29.0.jar;C:\Users\luisf\.m2\repository\org\seleniumhq\selenium\selenium-api\4.29.0\selenium-api-4.29.0.jar;C:\Users\luisf\.m2\repository\org\jspecify\jspecify\1.0.0\jspecify-1.0.0.jar;C:\Users\luisf\.m2\repository\org\seleniumhq\selenium\selenium-chrome-driver\4.29.0\selenium-chrome-driver-4.29.0.jar;C:\Users\luisf\.m2\repository\com\google\auto\service\auto-service-annotations\1.1.1\auto-service-annotations-1.1.1.jar;C:\Users\luisf\.m2\repository\org\seleniumhq\selenium\selenium-chromium-driver\4.29.0\selenium-chromium-driver-4.29.0.jar;C:\Users\luisf\.m2\repository\org\seleniumhq\selenium\selenium-json\4.29.0\selenium-json-4.29.0.jar;C:\Users\luisf\.m2\repository\org\seleniumhq\selenium\selenium-manager\4.29.0\selenium-manager-4.29.0.jar;C:\Users\luisf\.m2\repository\org\seleniumhq\selenium\selenium-devtools-v131\4.29.0\selenium-devtools-v131-4.29.0.jar;C:\Users\luisf\.m2\repository\org\seleniumhq\selenium\selenium-devtools-v132\4.29.0\selenium-devtools-v132-4.29.0.jar;C:\Users\luisf\.m2\repository\org\seleniumhq\selenium\selenium-devtools-v133\4.29.0\selenium-devtools-v133-4.29.0.jar;C:\Users\luisf\.m2\repository\org\seleniumhq\selenium\selenium-devtools-v85\4.29.0\selenium-devtools-v85-4.29.0.jar;C:\Users\luisf\.m2\repository\org\seleniumhq\selenium\selenium-edge-driver\4.29.0\selenium-edge-driver-4.29.0.jar;C:\Users\luisf\.m2\repository\org\seleniumhq\selenium\selenium-firefox-driver\4.29.0\selenium-firefox-driver-4.29.0.jar;C:\Users\luisf\.m2\repository\org\seleniumhq\selenium\selenium-http\4.29.0\selenium-http-4.29.0.jar;C:\Users\luisf\.m2\repository\org\seleniumhq\selenium\selenium-ie-driver\4.29.0\selenium-ie-driver-4.29.0.jar;C:\Users\luisf\.m2\repository\org\seleniumhq\selenium\selenium-remote-driver\4.29.0\selenium-remote-driver-4.29.0.jar;C:\Users\luisf\.m2\repository\com\google\guava\guava\33.4.0-jre\guava-33.4.0-jre.jar;C:\Users\luisf\.m2\repository\com\google\guava\failureaccess\1.0.2\failureaccess-1.0.2.jar;C:\Users\luisf\.m2\repository\com\google\guava\listenablefuture\9999.0-empty-to-avoid-conflict-with-guava\listenablefuture-9999.0-empty-to-avoid-conflict-with-guava.jar;C:\Users\luisf\.m2\repository\com\google\code\findbugs\jsr305\3.0.2\jsr305-3.0.2.jar;C:\Users\luisf\.m2\repository\org\checkerframework\checker-qual\3.43.0\checker-qual-3.43.0.jar;C:\Users\luisf\.m2\repository\com\google\errorprone\error_prone_annotations\2.36.0\error_prone_annotations-2.36.0.jar;C:\Users\luisf\.m2\repository\com\google\j2objc\j2objc-annotations\3.0.0\j2objc-annotations-3.0.0.jar;C:\Users\luisf\.m2\repository\io\opentelemetry\semconv\opentelemetry-semconv\1.28.0-alpha\opentelemetry-semconv-1.28.0-alpha.jar;C:\Users\luisf\.m2\repository\io\opentelemetry\opentelemetry-api\1.46.0\opentelemetry-api-1.46.0.jar;C:\Users\luisf\.m2\repository\io\opentelemetry\opentelemetry-context\1.46.0\opentelemetry-context-1.46.0.jar;C:\Users\luisf\.m2\repository\io\opentelemetry\opentelemetry-exporter-logging\1.46.0\opentelemetry-exporter-logging-1.46.0.jar;C:\Users\luisf\.m2\repository\io\opentelemetry\opentelemetry-sdk-common\1.46.0\opentelemetry-sdk-common-1.46.0.jar;C:\Users\luisf\.m2\repository\io\opentelemetry\opentelemetry-sdk-extension-autoconfigure-spi\1.46.0\opentelemetry-sdk-extension-autoconfigure-spi-1.46.0.jar;C:\Users\luisf\.m2\repository\io\opentelemetry\opentelemetry-sdk-extension-autoconfigure\1.46.0\opentelemetry-sdk-extension-autoconfigure-1.46.0.jar;C:\Users\luisf\.m2\repository\io\opentelemetry\opentelemetry-api-incubator\1.46.0-alpha\opentelemetry-api-incubator-1.46.0-alpha.jar;C:\Users\luisf\.m2\repository\io\opentelemetry\opentelemetry-sdk-trace\1.46.0\opentelemetry-sdk-trace-1.46.0.jar;C:\Users\luisf\.m2\repository\io\opentelemetry\opentelemetry-sdk\1.46.0\opentelemetry-sdk-1.46.0.jar;C:\Users\luisf\.m2\repository\io\opentelemetry\opentelemetry-sdk-metrics\1.46.0\opentelemetry-sdk-metrics-1.46.0.jar;C:\Users\luisf\.m2\repository\io\opentelemetry\opentelemetry-sdk-logs\1.46.0\opentelemetry-sdk-logs-1.46.0.jar;C:\Users\luisf\.m2\repository\net\bytebuddy\byte-buddy\1.15.11\byte-buddy-1.15.11.jar;C:\Users\luisf\.m2\repository\org\seleniumhq\selenium\selenium-os\4.29.0\selenium-os-4.29.0.jar;C:\Users\luisf\.m2\repository\org\apache\commons\commons-exec\1.4.0\commons-exec-1.4.0.jar;C:\Users\luisf\.m2\repository\org\seleniumhq\selenium\selenium-safari-driver\4.29.0\selenium-safari-driver-4.29.0.jar;C:\Users\luisf\.m2\repository\org\seleniumhq\selenium\selenium-support\4.29.0\selenium-support-4.29.0.jar;C:\Users\luisf\.m2\repository\io\cucumber\cucumber-java\4.8.1\cucumber-java-4.8.1.jar;C:\Users\luisf\.m2\repository\io\cucumber\cucumber-core\4.8.1\cucumber-core-4.8.1.jar;C:\Users\luisf\.m2\repository\io\cucumber\gherkin\5.1.0\gherkin-5.1.0.jar;C:\Users\luisf\.m2\repository\io\cucumber\tag-expressions\1.1.1\tag-expressions-1.1.1.jar;C:\Users\luisf\.m2\repository\io\cucumber\cucumber-expressions\7.0.2\cucumber-expressions-7.0.2.jar;C:\Users\luisf\.m2\repository\io\cucumber\datatable\1.1.14\datatable-1.1.14.jar;C:\Users\luisf\.m2\repository\io\cucumber\datatable-dependencies\1.1.14\datatable-dependencies-1.1.14.jar;C:\Users\luisf\.m2\repository\org\apiguardian\apiguardian-api\1.1.0\apiguardian-api-1.1.0.jar;C:\Users\luisf\.m2\repository\io\cucumber\cucumber-junit\4.8.1\cucumber-junit-4.8.1.jar;C:\Users\luisf\.m2\repository\junit\junit\4.13.2\junit-4.13.2.jar;C:\Users\luisf\.m2\repository\org\hamcrest\hamcrest-core\1.3\hamcrest-core-1.3.jar;"/>
    <property name="java.vm.vendor" value="Oracle Corporation"/>
    <property name="sun.arch.data.model" value="64"/>
    <property name="user.variant" value=""/>
    <property name="java.vendor.url" value="https://java.oracle.com/"/>
    <property name="user.timezone" value="America/Sao_Paulo"/>
    <property name="os.name" value="Windows 11"/>
    <property name="java.vm.specification.version" value="23"/>
    <property name="sun.java.launcher" value="SUN_STANDARD"/>
    <property name="user.country" value="BR"/>
    <property name="sun.boot.library.path" value="C:\Program Files\Java\jdk-23\bin"/>
    <property name="sun.java.command" value="C:\Users\luisf\AppData\Local\Temp\surefire15457236484801443115\surefirebooter-20250311114716588_3.jar C:\Users\luisf\AppData\Local\Temp\surefire15457236484801443115 2025-03-11T11-47-15_941-jvmRun1 surefire-20250311114716588_1tmp surefire_0-20250311114716588_2tmp"/>
    <property name="jdk.debug" value="release"/>
    <property name="surefire.test.class.path" value="C:\Users\luisf\Documents\Repos\AutomacaoAgi\target\test-classes;C:\Users\luisf\Documents\Repos\AutomacaoAgi\target\classes;C:\Users\luisf\.m2\repository\org\seleniumhq\selenium\selenium-java\4.29.0\selenium-java-4.29.0.jar;C:\Users\luisf\.m2\repository\org\seleniumhq\selenium\selenium-api\4.29.0\selenium-api-4.29.0.jar;C:\Users\luisf\.m2\repository\org\jspecify\jspecify\1.0.0\jspecify-1.0.0.jar;C:\Users\luisf\.m2\repository\org\seleniumhq\selenium\selenium-chrome-driver\4.29.0\selenium-chrome-driver-4.29.0.jar;C:\Users\luisf\.m2\repository\com\google\auto\service\auto-service-annotations\1.1.1\auto-service-annotations-1.1.1.jar;C:\Users\luisf\.m2\repository\org\seleniumhq\selenium\selenium-chromium-driver\4.29.0\selenium-chromium-driver-4.29.0.jar;C:\Users\luisf\.m2\repository\org\seleniumhq\selenium\selenium-json\4.29.0\selenium-json-4.29.0.jar;C:\Users\luisf\.m2\repository\org\seleniumhq\selenium\selenium-manager\4.29.0\selenium-manager-4.29.0.jar;C:\Users\luisf\.m2\repository\org\seleniumhq\selenium\selenium-devtools-v131\4.29.0\selenium-devtools-v131-4.29.0.jar;C:\Users\luisf\.m2\repository\org\seleniumhq\selenium\selenium-devtools-v132\4.29.0\selenium-devtools-v132-4.29.0.jar;C:\Users\luisf\.m2\repository\org\seleniumhq\selenium\selenium-devtools-v133\4.29.0\selenium-devtools-v133-4.29.0.jar;C:\Users\luisf\.m2\repository\org\seleniumhq\selenium\selenium-devtools-v85\4.29.0\selenium-devtools-v85-4.29.0.jar;C:\Users\luisf\.m2\repository\org\seleniumhq\selenium\selenium-edge-driver\4.29.0\selenium-edge-driver-4.29.0.jar;C:\Users\luisf\.m2\repository\org\seleniumhq\selenium\selenium-firefox-driver\4.29.0\selenium-firefox-driver-4.29.0.jar;C:\Users\luisf\.m2\repository\org\seleniumhq\selenium\selenium-http\4.29.0\selenium-http-4.29.0.jar;C:\Users\luisf\.m2\repository\org\seleniumhq\selenium\selenium-ie-driver\4.29.0\selenium-ie-driver-4.29.0.jar;C:\Users\luisf\.m2\repository\org\seleniumhq\selenium\selenium-remote-driver\4.29.0\selenium-remote-driver-4.29.0.jar;C:\Users\luisf\.m2\repository\com\google\guava\guava\33.4.0-jre\guava-33.4.0-jre.jar;C:\Users\luisf\.m2\repository\com\google\guava\failureaccess\1.0.2\failureaccess-1.0.2.jar;C:\Users\luisf\.m2\repository\com\google\guava\listenablefuture\9999.0-empty-to-avoid-conflict-with-guava\listenablefuture-9999.0-empty-to-avoid-conflict-with-guava.jar;C:\Users\luisf\.m2\repository\com\google\code\findbugs\jsr305\3.0.2\jsr305-3.0.2.jar;C:\Users\luisf\.m2\repository\org\checkerframework\checker-qual\3.43.0\checker-qual-3.43.0.jar;C:\Users\luisf\.m2\repository\com\google\errorprone\error_prone_annotations\2.36.0\error_prone_annotations-2.36.0.jar;C:\Users\luisf\.m2\repository\com\google\j2objc\j2objc-annotations\3.0.0\j2objc-annotations-3.0.0.jar;C:\Users\luisf\.m2\repository\io\opentelemetry\semconv\opentelemetry-semconv\1.28.0-alpha\opentelemetry-semconv-1.28.0-alpha.jar;C:\Users\luisf\.m2\repository\io\opentelemetry\opentelemetry-api\1.46.0\opentelemetry-api-1.46.0.jar;C:\Users\luisf\.m2\repository\io\opentelemetry\opentelemetry-context\1.46.0\opentelemetry-context-1.46.0.jar;C:\Users\luisf\.m2\repository\io\opentelemetry\opentelemetry-exporter-logging\1.46.0\opentelemetry-exporter-logging-1.46.0.jar;C:\Users\luisf\.m2\repository\io\opentelemetry\opentelemetry-sdk-common\1.46.0\opentelemetry-sdk-common-1.46.0.jar;C:\Users\luisf\.m2\repository\io\opentelemetry\opentelemetry-sdk-extension-autoconfigure-spi\1.46.0\opentelemetry-sdk-extension-autoconfigure-spi-1.46.0.jar;C:\Users\luisf\.m2\repository\io\opentelemetry\opentelemetry-sdk-extension-autoconfigure\1.46.0\opentelemetry-sdk-extension-autoconfigure-1.46.0.jar;C:\Users\luisf\.m2\repository\io\opentelemetry\opentelemetry-api-incubator\1.46.0-alpha\opentelemetry-api-incubator-1.46.0-alpha.jar;C:\Users\luisf\.m2\repository\io\opentelemetry\opentelemetry-sdk-trace\1.46.0\opentelemetry-sdk-trace-1.46.0.jar;C:\Users\luisf\.m2\repository\io\opentelemetry\opentelemetry-sdk\1.46.0\opentelemetry-sdk-1.46.0.jar;C:\Users\luisf\.m2\repository\io\opentelemetry\opentelemetry-sdk-metrics\1.46.0\opentelemetry-sdk-metrics-1.46.0.jar;C:\Users\luisf\.m2\repository\io\opentelemetry\opentelemetry-sdk-logs\1.46.0\opentelemetry-sdk-logs-1.46.0.jar;C:\Users\luisf\.m2\repository\net\bytebuddy\byte-buddy\1.15.11\byte-buddy-1.15.11.jar;C:\Users\luisf\.m2\repository\org\seleniumhq\selenium\selenium-os\4.29.0\selenium-os-4.29.0.jar;C:\Users\luisf\.m2\repository\org\apache\commons\commons-exec\1.4.0\commons-exec-1.4.0.jar;C:\Users\luisf\.m2\repository\org\seleniumhq\selenium\selenium-safari-driver\4.29.0\selenium-safari-driver-4.29.0.jar;C:\Users\luisf\.m2\repository\org\seleniumhq\selenium\selenium-support\4.29.0\selenium-support-4.29.0.jar;C:\Users\luisf\.m2\repository\io\cucumber\cucumber-java\4.8.1\cucumber-java-4.8.1.jar;C:\Users\luisf\.m2\repository\io\cucumber\cucumber-core\4.8.1\cucumber-core-4.8.1.jar;C:\Users\luisf\.m2\repository\io\cucumber\gherkin\5.1.0\gherkin-5.1.0.jar;C:\Users\luisf\.m2\repository\io\cucumber\tag-expressions\1.1.1\tag-expressions-1.1.1.jar;C:\Users\luisf\.m2\repository\io\cucumber\cucumber-expressions\7.0.2\cucumber-expressions-7.0.2.jar;C:\Users\luisf\.m2\repository\io\cucumber\datatable\1.1.14\datatable-1.1.14.jar;C:\Users\luisf\.m2\repository\io\cucumber\datatable-dependencies\1.1.14\datatable-dependencies-1.1.14.jar;C:\Users\luisf\.m2\repository\org\apiguardian\apiguardian-api\1.1.0\apiguardian-api-1.1.0.jar;C:\Users\luisf\.m2\repository\io\cucumber\cucumber-junit\4.8.1\cucumber-junit-4.8.1.jar;C:\Users\luisf\.m2\repository\junit\junit\4.13.2\junit-4.13.2.jar;C:\Users\luisf\.m2\repository\org\hamcrest\hamcrest-core\1.3\hamcrest-core-1.3.jar;"/>
    <property name="sun.cpu.endian" value="little"/>
    <property name="user.home" value="C:\Users\luisf"/>
    <property name="user.language" value="pt"/>
    <property name="java.specification.vendor" value="Oracle Corporation"/>
    <property name="java.version.date" value="2025-01-21"/>
    <property name="java.home" value="C:\Program Files\Java\jdk-23"/>
    <property name="file.separator" value="\"/>
    <property name="basedir" value="C:\Users\luisf\Documents\Repos\AutomacaoAgi"/>
    <property name="java.vm.compressedOopsMode" value="32-bit"/>
    <property name="line.separator" value="&#10;"/>
    <property name="java.vm.specification.vendor" value="Oracle Corporation"/>
    <property name="java.specification.name" value="Java Platform API Specification"/>
    <property name="surefire.real.class.path" value="C:\Users\luisf\AppData\Local\Temp\surefire15457236484801443115\surefirebooter-20250311114716588_3.jar"/>
    <property name="user.script" value=""/>
    <property name="sun.management.compiler" value="HotSpot 64-Bit Tiered Compilers"/>
    <property name="java.runtime.version" value="23.0.2+7-58"/>
    <property name="user.name" value="luisf"/>
    <property name="stdout.encoding" value="Cp1252"/>
    <property name="path.separator" value=";"/>
    <property name="os.version" value="10.0"/>
    <property name="java.runtime.name" value="Java(TM) SE Runtime Environment"/>
    <property name="file.encoding" value="UTF-8"/>
    <property name="java.vm.name" value="Java HotSpot(TM) 64-Bit Server VM"/>
    <property name="localRepository" value="C:\Users\luisf\.m2\repository"/>
    <property name="java.vendor.url.bug" value="https://bugreport.java.com/bugreport/"/>
    <property name="java.io.tmpdir" value="C:\Users\luisf\AppData\Local\Temp\"/>
    <property name="java.version" value="23.0.2"/>
    <property name="user.dir" value="C:\Users\luisf\Documents\Repos\AutomacaoAgi"/>
    <property name="os.arch" value="amd64"/>
    <property name="java.vm.specification.name" value="Java Virtual Machine Specification"/>
    <property name="sun.os.patch.level" value=""/>
    <property name="native.encoding" value="Cp1252"/>
    <property name="java.library.path" value="C:\Program Files\Java\jdk-23\bin;C:\WINDOWS\Sun\Java\bin;C:\WINDOWS\system32;C:\WINDOWS;C:\Program Files\Common Files\Oracle\Java\javapath;C:\Program Files (x86)\Common Files\Oracle\Java\java8path;C:\Program Files (x86)\Common Files\Oracle\Java\javapath;C:\WINDOWS\system32;C:\WINDOWS;C:\WINDOWS\System32\Wbem;C:\WINDOWS\System32\WindowsPowerShell\v1.0\;C:\WINDOWS\System32\OpenSSH\;C:\Program Files\Microsoft SQL Server\150\Tools\Binn\;C:\Program Files\Microsoft SQL Server\Client SDK\ODBC\170\Tools\Binn\;C:\Program Files\dotnet\;C:\WebDriver\;C:\Program Files\nodejs\;C:\Program Files\Git\cmd;C:\apache-maven-3.9.9\bin\;C:\Users\luisf\AppData\Local\Microsoft\WindowsApps;;C:\Users\luisf\AppData\Local\Programs\Microsoft VS Code\bin;C:\Users\luisf\.dotnet\tools;C:\Program Files\JetBrains\IntelliJ IDEA 2024.3.2.2\bin;;C:\Program Files\JetBrains\IntelliJ IDEA Community Edition 2024.3.2.2\bin;;C:\Users\luisf\AppData\Roaming\npm;."/>
    <property name="java.vm.info" value="mixed mode, sharing"/>
    <property name="stderr.encoding" value="Cp1252"/>
    <property name="java.vendor" value="Oracle Corporation"/>
    <property name="java.vm.version" value="23.0.2+7-58"/>
    <property name="sun.io.unicode.encoding" value="UnicodeLittle"/>
    <property name="java.class.version" value="67.0"/>
  </properties>
  <testcase name="Busca com palavra chave direta" classname="Busca de artigos" time="18.209">
    <system-out><![CDATA[Funcionalidade: Busca de artigos
    Como um usuário do AgiBlog
    Quero buscar artigos financeiros no blog
    Para encontrar informações relevantes para o meu dia a dia

  Contexto:                                     &amp#27;[90m# src/test/resources/features/AgiBlog.feature:8&amp#27;[0m
    &amp#27;[32mDado &amp#27;[0m&amp#27;[32mque estou na página inicial do AgiBlog&amp#27;[0m &amp#27;[90m# SearchAgiBlogSteps.queEstouNaPáginaInicialDoAgiBlog()&amp#27;[0m
    &amp#27;[32mQuando &amp#27;[0m&amp#27;[32meu clicar no ícone da lupa&amp#27;[0m           &amp#27;[90m# SearchAgiBlogSteps.euClicarNoÍconeDaLupa()&amp#27;[0m
    &amp#27;[32mE &amp#27;[0m&amp#27;[32mvisualizar a caixa de busca&amp#27;[0m               &amp#27;[90m# SearchAgiBlogSteps.visualizarACaixaDeBusca()&amp#27;[0m

  @testCase1
  Cenario: Busca com palavra chave direta                                                &amp#27;[90m# src/test/resources/features/AgiBlog.feature:14&amp#27;[0m
    &amp#27;[32mQuando &amp#27;[0m&amp#27;[32meu digitar uma palavra-chave válida na caixa de busca (ex: &amp#27;[0m&amp#27;[32m&amp#27;[1m"teste"&amp#27;[0m&amp#27;[32m)&amp#27;[0m           &amp#27;[90m# SearchAgiBlogSteps.euDigitarUmaPalavraChaveVálidaNaCaixaDeBuscaEx(String)&amp#27;[0m
    &amp#27;[32mE &amp#27;[0m&amp#27;[32mpressionar a tecla &amp#27;[0m&amp#27;[32m&amp#27;[1m"Enter"&amp#27;[0m                                                         &amp#27;[90m# SearchAgiBlogSteps.pressionarATecla(String)&amp#27;[0m
    &amp#27;[32mEntão &amp#27;[0m&amp#27;[32mdevo visualizar uma lista de artigos (ex: &amp#27;[0m&amp#27;[32m&amp#27;[1m"teste"&amp#27;[0m&amp#27;[32m)&amp#27;[0m                             &amp#27;[90m# SearchAgiBlogSteps.devoVisualizarUmaListaDeArtigos(String)&amp#27;[0m
    &amp#27;[32mE &amp#27;[0m&amp#27;[32mos artigos exibidos devem conter a palavra-chave inserida no título ou no conteúdo&amp#27;[0m &amp#27;[90m# SearchAgiBlogSteps.osArtigosExibidosDevemConterAPalavraChaveInseridaNoTítuloOuNoConteúdo()&amp#27;[0m
]]></system-out>
    <system-err><![CDATA[mar. 11, 2025 11:47:25 AM org.openqa.selenium.devtools.CdpVersionFinder findNearestMatch
WARNING: Unable to find an exact match for CDP version 134, returning the closest version; found: 133; Please update to a Selenium version that supports CDP version 134
]]></system-err>
  </testcase>
  <testcase name="Busca com caracteres especiais" classname="Busca de artigos" time="10.678">
    <system-out><![CDATA[
  Contexto:                                     &amp#27;[90m# src/test/resources/features/AgiBlog.feature:8&amp#27;[0m
    &amp#27;[32mDado &amp#27;[0m&amp#27;[32mque estou na página inicial do AgiBlog&amp#27;[0m &amp#27;[90m# SearchAgiBlogSteps.queEstouNaPáginaInicialDoAgiBlog()&amp#27;[0m
    &amp#27;[32mQuando &amp#27;[0m&amp#27;[32meu clicar no ícone da lupa&amp#27;[0m           &amp#27;[90m# SearchAgiBlogSteps.euClicarNoÍconeDaLupa()&amp#27;[0m
    &amp#27;[32mE &amp#27;[0m&amp#27;[32mvisualizar a caixa de busca&amp#27;[0m               &amp#27;[90m# SearchAgiBlogSteps.visualizarACaixaDeBusca()&amp#27;[0m

  @testCase2
  Cenário: Busca com caracteres especiais                                                                       &amp#27;[90m# src/test/resources/features/AgiBlog.feature:21&amp#27;[0m
    &amp#27;[32mQuando &amp#27;[0m&amp#27;[32meu digitar um termo contendo caracteres especiais (ex: &amp#27;[0m&amp#27;[32m&amp#27;[1m"R$"&amp#27;[0m&amp#27;[32m)&amp#27;[0m                                         &amp#27;[90m# SearchAgiBlogSteps.euDigitarUmTermoContendoCaracteresEspeciaisEx(String)&amp#27;[0m
    &amp#27;[32mE &amp#27;[0m&amp#27;[32mpressionar a tecla &amp#27;[0m&amp#27;[32m&amp#27;[1m"Enter"&amp#27;[0m                                                                                &amp#27;[90m# SearchAgiBlogSteps.pressionarATecla(String)&amp#27;[0m
    &amp#27;[32mEntão &amp#27;[0m&amp#27;[32mdevo visualizar uma lista de artigos (ex: &amp#27;[0m&amp#27;[32m&amp#27;[1m"R$"&amp#27;[0m&amp#27;[32m)&amp#27;[0m                                                       &amp#27;[90m# SearchAgiBlogSteps.devoVisualizarUmaListaDeArtigos(String)&amp#27;[0m
    &amp#27;[32mE &amp#27;[0m&amp#27;[32mos resultados devem tratar corretamente os caracteres especiais, retornando artigos relevantes (ex: &amp#27;[0m&amp#27;[32m&amp#27;[1m"R$"&amp#27;[0m&amp#27;[32m)&amp#27;[0m &amp#27;[90m# SearchAgiBlogSteps.osResultadosDevemTratarCorretamenteOsCaracteresEspeciaisRetornandoArtigosRelevantes(String)&amp#27;[0m
]]></system-out>
    <system-err><![CDATA[mar. 11, 2025 11:47:40 AM org.openqa.selenium.devtools.CdpVersionFinder findNearestMatch
WARNING: Unable to find an exact match for CDP version 134, returning the closest version; found: 133; Please update to a Selenium version that supports CDP version 134
mar. 11, 2025 11:47:47 AM org.openqa.selenium.remote.http.WebSocket$Listener onError
WARNING: Connection reset
java.net.SocketException: Connection reset
	at java.base/sun.nio.ch.SocketChannelImpl.throwConnectionReset(SocketChannelImpl.java:403)
	at java.base/sun.nio.ch.SocketChannelImpl.implRead(SocketChannelImpl.java:435)
	at java.base/sun.nio.ch.SocketChannelImpl.read(SocketChannelImpl.java:493)
	at java.net.http/jdk.internal.net.http.SocketTube.readAvailable(SocketTube.java:1178)
	at java.net.http/jdk.internal.net.http.SocketTube$InternalReadPublisher$InternalReadSubscription.read(SocketTube.java:841)
	at java.net.http/jdk.internal.net.http.SocketTube$SocketFlowTask.run(SocketTube.java:181)
	at java.net.http/jdk.internal.net.http.common.SequentialScheduler$SchedulableTask.run(SequentialScheduler.java:207)
	at java.net.http/jdk.internal.net.http.common.SequentialScheduler.runOrSchedule(SequentialScheduler.java:280)
	at java.net.http/jdk.internal.net.http.common.SequentialScheduler.runOrSchedule(SequentialScheduler.java:233)
	at java.net.http/jdk.internal.net.http.SocketTube$InternalReadPublisher$InternalReadSubscription.signalReadable(SocketTube.java:782)
	at java.net.http/jdk.internal.net.http.SocketTube$InternalReadPublisher$ReadEvent.signalEvent(SocketTube.java:965)
	at java.net.http/jdk.internal.net.http.SocketTube$SocketFlowEvent.handle(SocketTube.java:253)
	at java.net.http/jdk.internal.net.http.HttpClientImpl$SelectorManager.handleEvent(HttpClientImpl.java:1478)
	at java.net.http/jdk.internal.net.http.HttpClientImpl$SelectorManager.lambda$run$3(HttpClientImpl.java:1423)
	at java.base/java.util.ArrayList.forEach(ArrayList.java:1597)
	at java.net.http/jdk.internal.net.http.HttpClientImpl$SelectorManager.run(HttpClientImpl.java:1423)

]]></system-err>
  </testcase>
  <testcase name="Busca com mais de uma pagina de resultados" classname="Busca de artigos" time="12.185">
    <system-out><![CDATA[
  Contexto:                                     &amp#27;[90m# src/test/resources/features/AgiBlog.feature:8&amp#27;[0m
    &amp#27;[32mDado &amp#27;[0m&amp#27;[32mque estou na página inicial do AgiBlog&amp#27;[0m &amp#27;[90m# SearchAgiBlogSteps.queEstouNaPáginaInicialDoAgiBlog()&amp#27;[0m
    &amp#27;[32mQuando &amp#27;[0m&amp#27;[32meu clicar no ícone da lupa&amp#27;[0m           &amp#27;[90m# SearchAgiBlogSteps.euClicarNoÍconeDaLupa()&amp#27;[0m
    &amp#27;[32mE &amp#27;[0m&amp#27;[32mvisualizar a caixa de busca&amp#27;[0m               &amp#27;[90m# SearchAgiBlogSteps.visualizarACaixaDeBusca()&amp#27;[0m

  @testCase3
  Cenário: Busca com mais de uma pagina de resultados                                         &amp#27;[90m# src/test/resources/features/AgiBlog.feature:28&amp#27;[0m
    &amp#27;[32mQuando &amp#27;[0m&amp#27;[32meu digitar a palavra-chave &amp#27;[0m&amp#27;[32m&amp#27;[1m"financeiro"&amp#27;[0m                                            &amp#27;[90m# SearchAgiBlogSteps.euDigitarAPalavraChave(String)&amp#27;[0m
    &amp#27;[32mE &amp#27;[0m&amp#27;[32mpressionar a tecla &amp#27;[0m&amp#27;[32m&amp#27;[1m"Enter"&amp#27;[0m                                                              &amp#27;[90m# SearchAgiBlogSteps.pressionarATecla(String)&amp#27;[0m
    &amp#27;[32mEntão &amp#27;[0m&amp#27;[32mdevo visualizar uma lista de artigos (ex: &amp#27;[0m&amp#27;[32m&amp#27;[1m"financeiro"&amp#27;[0m&amp#27;[32m)&amp#27;[0m                             &amp#27;[90m# SearchAgiBlogSteps.devoVisualizarUmaListaDeArtigos(String)&amp#27;[0m
    &amp#27;[32mE &amp#27;[0m&amp#27;[32mse houver mais de uma página de resultados, deve ser exibida a paginação para navegação&amp#27;[0m &amp#27;[90m# SearchAgiBlogSteps.seHouverMaisDeUmaPáginaDeResultadosDeveSerExibidaAPaginaçãoParaNavegação()&amp#27;[0m
]]></system-out>
    <system-err><![CDATA[mar. 11, 2025 11:47:51 AM org.openqa.selenium.devtools.CdpVersionFinder findNearestMatch
WARNING: Unable to find an exact match for CDP version 134, returning the closest version; found: 133; Please update to a Selenium version that supports CDP version 134
mar. 11, 2025 11:47:59 AM org.openqa.selenium.remote.http.WebSocket$Listener onError
WARNING: Connection reset
java.net.SocketException: Connection reset
	at java.base/sun.nio.ch.SocketChannelImpl.throwConnectionReset(SocketChannelImpl.java:403)
	at java.base/sun.nio.ch.SocketChannelImpl.implRead(SocketChannelImpl.java:435)
	at java.base/sun.nio.ch.SocketChannelImpl.read(SocketChannelImpl.java:493)
	at java.net.http/jdk.internal.net.http.SocketTube.readAvailable(SocketTube.java:1178)
	at java.net.http/jdk.internal.net.http.SocketTube$InternalReadPublisher$InternalReadSubscription.read(SocketTube.java:841)
	at java.net.http/jdk.internal.net.http.SocketTube$SocketFlowTask.run(SocketTube.java:181)
	at java.net.http/jdk.internal.net.http.common.SequentialScheduler$SchedulableTask.run(SequentialScheduler.java:207)
	at java.net.http/jdk.internal.net.http.common.SequentialScheduler.runOrSchedule(SequentialScheduler.java:280)
	at java.net.http/jdk.internal.net.http.common.SequentialScheduler.runOrSchedule(SequentialScheduler.java:233)
	at java.net.http/jdk.internal.net.http.SocketTube$InternalReadPublisher$InternalReadSubscription.signalReadable(SocketTube.java:782)
	at java.net.http/jdk.internal.net.http.SocketTube$InternalReadPublisher$ReadEvent.signalEvent(SocketTube.java:965)
	at java.net.http/jdk.internal.net.http.SocketTube$SocketFlowEvent.handle(SocketTube.java:253)
	at java.net.http/jdk.internal.net.http.HttpClientImpl$SelectorManager.handleEvent(HttpClientImpl.java:1478)
	at java.net.http/jdk.internal.net.http.HttpClientImpl$SelectorManager.lambda$run$3(HttpClientImpl.java:1423)
	at java.base/java.util.ArrayList.forEach(ArrayList.java:1597)
	at java.net.http/jdk.internal.net.http.HttpClientImpl$SelectorManager.run(HttpClientImpl.java:1423)

]]></system-err>
  </testcase>
</testsuite>